  assignment4.cpp
C:\Users\youjae\source\repos\ComputerGraphics\ComputerGraphics\assignment4.cpp(174,26): warning C4244: '=': 'double'에서 'GLfloat'(으)로 변환하면서 데이터가 손실될 수 있습니다.
C:\Users\youjae\source\repos\ComputerGraphics\ComputerGraphics\assignment4.cpp(175,26): warning C4244: '=': 'double'에서 'GLfloat'(으)로 변환하면서 데이터가 손실될 수 있습니다.
C:\Users\youjae\source\repos\ComputerGraphics\ComputerGraphics\assignment4.cpp(176,26): warning C4244: '=': 'double'에서 'GLfloat'(으)로 변환하면서 데이터가 손실될 수 있습니다.
C:\Users\youjae\source\repos\ComputerGraphics\ComputerGraphics\assignment4.cpp(194,19): warning C4305: '=': 'double'에서 'GLfloat'(으)로 잘립니다.
C:\Users\youjae\source\repos\ComputerGraphics\ComputerGraphics\assignment4.cpp(195,19): warning C4305: '=': 'double'에서 'GLfloat'(으)로 잘립니다.
C:\Users\youjae\source\repos\ComputerGraphics\ComputerGraphics\assignment4.cpp(200,32): warning C4305: '인수': 'double'에서 'GLfloat'(으)로 잘립니다.
C:\Users\youjae\source\repos\ComputerGraphics\ComputerGraphics\assignment4.cpp(200,21): warning C4244: '인수': 'double'에서 'GLfloat'(으)로 변환하면서 데이터가 손실될 수 있습니다.
C:\Users\youjae\source\repos\ComputerGraphics\ComputerGraphics\assignment4.cpp(200,14): warning C4244: '인수': 'double'에서 'GLfloat'(으)로 변환하면서 데이터가 손실될 수 있습니다.
C:\Users\youjae\source\repos\ComputerGraphics\ComputerGraphics\assignment4.cpp(205,19): warning C4305: '=': 'double'에서 'GLfloat'(으)로 잘립니다.
C:\Users\youjae\source\repos\ComputerGraphics\ComputerGraphics\assignment4.cpp(206,19): warning C4305: '=': 'double'에서 'GLfloat'(으)로 잘립니다.
C:\Users\youjae\source\repos\ComputerGraphics\ComputerGraphics\assignment4.cpp(211,27): warning C4244: '인수': 'double'에서 'GLfloat'(으)로 변환하면서 데이터가 손실될 수 있습니다.
C:\Users\youjae\source\repos\ComputerGraphics\ComputerGraphics\assignment4.cpp(211,20): warning C4244: '인수': 'double'에서 'GLfloat'(으)로 변환하면서 데이터가 손실될 수 있습니다.
C:\Users\youjae\source\repos\ComputerGraphics\ComputerGraphics\assignment4.cpp(211,32): warning C4305: '인수': 'double'에서 'GLfloat'(으)로 잘립니다.
C:\Users\youjae\source\repos\ComputerGraphics\ComputerGraphics\assignment4.cpp(216,19): warning C4305: '=': 'double'에서 'GLfloat'(으)로 잘립니다.
C:\Users\youjae\source\repos\ComputerGraphics\ComputerGraphics\assignment4.cpp(217,19): warning C4305: '=': 'double'에서 'GLfloat'(으)로 잘립니다.
C:\Users\youjae\source\repos\ComputerGraphics\ComputerGraphics\assignment4.cpp(222,29): warning C4244: '인수': 'double'에서 'GLfloat'(으)로 변환하면서 데이터가 손실될 수 있습니다.
C:\Users\youjae\source\repos\ComputerGraphics\ComputerGraphics\assignment4.cpp(222,34): warning C4305: '인수': 'double'에서 'GLfloat'(으)로 잘립니다.
C:\Users\youjae\source\repos\ComputerGraphics\ComputerGraphics\assignment4.cpp(222,14): warning C4244: '인수': 'double'에서 'GLfloat'(으)로 변환하면서 데이터가 손실될 수 있습니다.
C:\Users\youjae\source\repos\ComputerGraphics\ComputerGraphics\assignment4.cpp(227,19): warning C4305: '=': 'double'에서 'GLfloat'(으)로 잘립니다.
C:\Users\youjae\source\repos\ComputerGraphics\ComputerGraphics\assignment4.cpp(228,19): warning C4305: '=': 'double'에서 'GLfloat'(으)로 잘립니다.
C:\Users\youjae\source\repos\ComputerGraphics\ComputerGraphics\assignment4.cpp(233,28): warning C4305: '인수': 'double'에서 'GLfloat'(으)로 잘립니다.
C:\Users\youjae\source\repos\ComputerGraphics\ComputerGraphics\assignment4.cpp(235,29): warning C4244: '인수': 'double'에서 'GLfloat'(으)로 변환하면서 데이터가 손실될 수 있습니다.
C:\Users\youjae\source\repos\ComputerGraphics\ComputerGraphics\assignment4.cpp(235,34): warning C4305: '인수': 'double'에서 'GLfloat'(으)로 잘립니다.
C:\Users\youjae\source\repos\ComputerGraphics\ComputerGraphics\assignment4.cpp(235,14): warning C4244: '인수': 'double'에서 'GLfloat'(으)로 변환하면서 데이터가 손실될 수 있습니다.
C:\Users\youjae\source\repos\ComputerGraphics\ComputerGraphics\assignment4.cpp(239,19): warning C4305: '=': 'double'에서 'GLfloat'(으)로 잘립니다.
C:\Users\youjae\source\repos\ComputerGraphics\ComputerGraphics\assignment4.cpp(240,19): warning C4305: '=': 'double'에서 'GLfloat'(으)로 잘립니다.
C:\Users\youjae\source\repos\ComputerGraphics\ComputerGraphics\assignment4.cpp(245,27): warning C4244: '인수': 'double'에서 'GLfloat'(으)로 변환하면서 데이터가 손실될 수 있습니다.
C:\Users\youjae\source\repos\ComputerGraphics\ComputerGraphics\assignment4.cpp(245,20): warning C4244: '인수': 'double'에서 'GLfloat'(으)로 변환하면서 데이터가 손실될 수 있습니다.
C:\Users\youjae\source\repos\ComputerGraphics\ComputerGraphics\assignment4.cpp(245,32): warning C4305: '인수': 'double'에서 'GLfloat'(으)로 잘립니다.
C:\Users\youjae\source\repos\ComputerGraphics\ComputerGraphics\assignment4.cpp(249,19): warning C4305: '=': 'double'에서 'GLfloat'(으)로 잘립니다.
C:\Users\youjae\source\repos\ComputerGraphics\ComputerGraphics\assignment4.cpp(250,19): warning C4305: '=': 'double'에서 'GLfloat'(으)로 잘립니다.
C:\Users\youjae\source\repos\ComputerGraphics\ComputerGraphics\assignment4.cpp(256,32): warning C4305: '인수': 'double'에서 'GLfloat'(으)로 잘립니다.
C:\Users\youjae\source\repos\ComputerGraphics\ComputerGraphics\assignment4.cpp(256,21): warning C4244: '인수': 'double'에서 'GLfloat'(으)로 변환하면서 데이터가 손실될 수 있습니다.
C:\Users\youjae\source\repos\ComputerGraphics\ComputerGraphics\assignment4.cpp(256,14): warning C4244: '인수': 'double'에서 'GLfloat'(으)로 변환하면서 데이터가 손실될 수 있습니다.
C:\Users\youjae\source\repos\ComputerGraphics\ComputerGraphics\assignment4.cpp(267,19): warning C4305: '=': 'double'에서 'GLfloat'(으)로 잘립니다.
C:\Users\youjae\source\repos\ComputerGraphics\ComputerGraphics\assignment4.cpp(268,19): warning C4305: '=': 'double'에서 'GLfloat'(으)로 잘립니다.
C:\Users\youjae\source\repos\ComputerGraphics\ComputerGraphics\assignment4.cpp(273,30): warning C4305: '인수': 'double'에서 'GLfloat'(으)로 잘립니다.
C:\Users\youjae\source\repos\ComputerGraphics\ComputerGraphics\assignment4.cpp(273,20): warning C4244: '인수': 'double'에서 'GLfloat'(으)로 변환하면서 데이터가 손실될 수 있습니다.
C:\Users\youjae\source\repos\ComputerGraphics\ComputerGraphics\assignment4.cpp(273,14): warning C4244: '인수': 'double'에서 'GLfloat'(으)로 변환하면서 데이터가 손실될 수 있습니다.
C:\Users\youjae\source\repos\ComputerGraphics\ComputerGraphics\assignment4.cpp(278,19): warning C4305: '=': 'double'에서 'GLfloat'(으)로 잘립니다.
C:\Users\youjae\source\repos\ComputerGraphics\ComputerGraphics\assignment4.cpp(279,19): warning C4305: '=': 'double'에서 'GLfloat'(으)로 잘립니다.
C:\Users\youjae\source\repos\ComputerGraphics\ComputerGraphics\assignment4.cpp(284,26): warning C4244: '인수': 'double'에서 'GLfloat'(으)로 변환하면서 데이터가 손실될 수 있습니다.
C:\Users\youjae\source\repos\ComputerGraphics\ComputerGraphics\assignment4.cpp(284,20): warning C4244: '인수': 'double'에서 'GLfloat'(으)로 변환하면서 데이터가 손실될 수 있습니다.
C:\Users\youjae\source\repos\ComputerGraphics\ComputerGraphics\assignment4.cpp(284,30): warning C4305: '인수': 'double'에서 'GLfloat'(으)로 잘립니다.
C:\Users\youjae\source\repos\ComputerGraphics\ComputerGraphics\assignment4.cpp(289,19): warning C4305: '=': 'double'에서 'GLfloat'(으)로 잘립니다.
C:\Users\youjae\source\repos\ComputerGraphics\ComputerGraphics\assignment4.cpp(290,19): warning C4305: '=': 'double'에서 'GLfloat'(으)로 잘립니다.
C:\Users\youjae\source\repos\ComputerGraphics\ComputerGraphics\assignment4.cpp(294,18): warning C4244: '인수': 'double'에서 'GLfloat'(으)로 변환하면서 데이터가 손실될 수 있습니다.
C:\Users\youjae\source\repos\ComputerGraphics\ComputerGraphics\assignment4.cpp(295,26): warning C4244: '인수': 'double'에서 'GLfloat'(으)로 변환하면서 데이터가 손실될 수 있습니다.
C:\Users\youjae\source\repos\ComputerGraphics\ComputerGraphics\assignment4.cpp(295,20): warning C4244: '인수': 'double'에서 'GLfloat'(으)로 변환하면서 데이터가 손실될 수 있습니다.
C:\Users\youjae\source\repos\ComputerGraphics\ComputerGraphics\assignment4.cpp(295,30): warning C4305: '인수': 'double'에서 'GLfloat'(으)로 잘립니다.
C:\Users\youjae\source\repos\ComputerGraphics\ComputerGraphics\assignment4.cpp(301,19): warning C4305: '=': 'double'에서 'GLfloat'(으)로 잘립니다.
C:\Users\youjae\source\repos\ComputerGraphics\ComputerGraphics\assignment4.cpp(302,19): warning C4305: '=': 'double'에서 'GLfloat'(으)로 잘립니다.
C:\Users\youjae\source\repos\ComputerGraphics\ComputerGraphics\assignment4.cpp(307,26): warning C4244: '인수': 'double'에서 'GLfloat'(으)로 변환하면서 데이터가 손실될 수 있습니다.
C:\Users\youjae\source\repos\ComputerGraphics\ComputerGraphics\assignment4.cpp(307,30): warning C4305: '인수': 'double'에서 'GLfloat'(으)로 잘립니다.
C:\Users\youjae\source\repos\ComputerGraphics\ComputerGraphics\assignment4.cpp(307,14): warning C4244: '인수': 'double'에서 'GLfloat'(으)로 변환하면서 데이터가 손실될 수 있습니다.
C:\Users\youjae\source\repos\ComputerGraphics\ComputerGraphics\assignment4.cpp(311,21): warning C4244: '인수': 'double'에서 'GLfloat'(으)로 변환하면서 데이터가 손실될 수 있습니다.
C:\Users\youjae\source\repos\ComputerGraphics\ComputerGraphics\assignment4.cpp(313,19): warning C4305: '=': 'double'에서 'GLfloat'(으)로 잘립니다.
C:\Users\youjae\source\repos\ComputerGraphics\ComputerGraphics\assignment4.cpp(314,19): warning C4305: '=': 'double'에서 'GLfloat'(으)로 잘립니다.
C:\Users\youjae\source\repos\ComputerGraphics\ComputerGraphics\assignment4.cpp(320,30): warning C4305: '인수': 'double'에서 'GLfloat'(으)로 잘립니다.
C:\Users\youjae\source\repos\ComputerGraphics\ComputerGraphics\assignment4.cpp(320,20): warning C4244: '인수': 'double'에서 'GLfloat'(으)로 변환하면서 데이터가 손실될 수 있습니다.
C:\Users\youjae\source\repos\ComputerGraphics\ComputerGraphics\assignment4.cpp(320,14): warning C4244: '인수': 'double'에서 'GLfloat'(으)로 변환하면서 데이터가 손실될 수 있습니다.
C:\Users\youjae\source\repos\ComputerGraphics\ComputerGraphics\assignment4.cpp(325,19): warning C4305: '=': 'double'에서 'GLfloat'(으)로 잘립니다.
C:\Users\youjae\source\repos\ComputerGraphics\ComputerGraphics\assignment4.cpp(326,19): warning C4305: '=': 'double'에서 'GLfloat'(으)로 잘립니다.
C:\Users\youjae\source\repos\ComputerGraphics\ComputerGraphics\assignment4.cpp(329,26): warning C4244: '인수': 'double'에서 'GLfloat'(으)로 변환하면서 데이터가 손실될 수 있습니다.
C:\Users\youjae\source\repos\ComputerGraphics\ComputerGraphics\assignment4.cpp(329,20): warning C4244: '인수': 'double'에서 'GLfloat'(으)로 변환하면서 데이터가 손실될 수 있습니다.
C:\Users\youjae\source\repos\ComputerGraphics\ComputerGraphics\assignment4.cpp(329,30): warning C4305: '인수': 'double'에서 'GLfloat'(으)로 잘립니다.
C:\Users\youjae\source\repos\ComputerGraphics\ComputerGraphics\assignment4.cpp(334,19): warning C4305: '=': 'double'에서 'GLfloat'(으)로 잘립니다.
C:\Users\youjae\source\repos\ComputerGraphics\ComputerGraphics\assignment4.cpp(335,19): warning C4305: '=': 'double'에서 'GLfloat'(으)로 잘립니다.
C:\Users\youjae\source\repos\ComputerGraphics\ComputerGraphics\assignment4.cpp(337,18): warning C4244: '인수': 'double'에서 'GLfloat'(으)로 변환하면서 데이터가 손실될 수 있습니다.
C:\Users\youjae\source\repos\ComputerGraphics\ComputerGraphics\assignment4.cpp(338,26): warning C4244: '인수': 'double'에서 'GLfloat'(으)로 변환하면서 데이터가 손실될 수 있습니다.
C:\Users\youjae\source\repos\ComputerGraphics\ComputerGraphics\assignment4.cpp(338,20): warning C4244: '인수': 'double'에서 'GLfloat'(으)로 변환하면서 데이터가 손실될 수 있습니다.
C:\Users\youjae\source\repos\ComputerGraphics\ComputerGraphics\assignment4.cpp(338,30): warning C4305: '인수': 'double'에서 'GLfloat'(으)로 잘립니다.
C:\Users\youjae\source\repos\ComputerGraphics\ComputerGraphics\assignment4.cpp(344,19): warning C4305: '=': 'double'에서 'GLfloat'(으)로 잘립니다.
C:\Users\youjae\source\repos\ComputerGraphics\ComputerGraphics\assignment4.cpp(345,19): warning C4305: '=': 'double'에서 'GLfloat'(으)로 잘립니다.
C:\Users\youjae\source\repos\ComputerGraphics\ComputerGraphics\assignment4.cpp(347,26): warning C4244: '인수': 'double'에서 'GLfloat'(으)로 변환하면서 데이터가 손실될 수 있습니다.
C:\Users\youjae\source\repos\ComputerGraphics\ComputerGraphics\assignment4.cpp(347,30): warning C4305: '인수': 'double'에서 'GLfloat'(으)로 잘립니다.
C:\Users\youjae\source\repos\ComputerGraphics\ComputerGraphics\assignment4.cpp(347,14): warning C4244: '인수': 'double'에서 'GLfloat'(으)로 변환하면서 데이터가 손실될 수 있습니다.
C:\Users\youjae\source\repos\ComputerGraphics\ComputerGraphics\assignment4.cpp(351,21): warning C4244: '인수': 'double'에서 'GLfloat'(으)로 변환하면서 데이터가 손실될 수 있습니다.
C:\Users\youjae\source\repos\ComputerGraphics\ComputerGraphics\assignment4.cpp(353,19): warning C4305: '=': 'double'에서 'GLfloat'(으)로 잘립니다.
C:\Users\youjae\source\repos\ComputerGraphics\ComputerGraphics\assignment4.cpp(354,19): warning C4305: '=': 'double'에서 'GLfloat'(으)로 잘립니다.
C:\Users\youjae\source\repos\ComputerGraphics\ComputerGraphics\assignment4.cpp(358,30): warning C4305: '인수': 'double'에서 'GLfloat'(으)로 잘립니다.
C:\Users\youjae\source\repos\ComputerGraphics\ComputerGraphics\assignment4.cpp(358,20): warning C4244: '인수': 'double'에서 'GLfloat'(으)로 변환하면서 데이터가 손실될 수 있습니다.
C:\Users\youjae\source\repos\ComputerGraphics\ComputerGraphics\assignment4.cpp(358,14): warning C4244: '인수': 'double'에서 'GLfloat'(으)로 변환하면서 데이터가 손실될 수 있습니다.
C:\Users\youjae\source\repos\ComputerGraphics\ComputerGraphics\assignment4.cpp(363,19): warning C4305: '=': 'double'에서 'GLfloat'(으)로 잘립니다.
C:\Users\youjae\source\repos\ComputerGraphics\ComputerGraphics\assignment4.cpp(364,19): warning C4305: '=': 'double'에서 'GLfloat'(으)로 잘립니다.
C:\Users\youjae\source\repos\ComputerGraphics\ComputerGraphics\assignment4.cpp(367,26): warning C4244: '인수': 'double'에서 'GLfloat'(으)로 변환하면서 데이터가 손실될 수 있습니다.
C:\Users\youjae\source\repos\ComputerGraphics\ComputerGraphics\assignment4.cpp(367,20): warning C4244: '인수': 'double'에서 'GLfloat'(으)로 변환하면서 데이터가 손실될 수 있습니다.
C:\Users\youjae\source\repos\ComputerGraphics\ComputerGraphics\assignment4.cpp(367,30): warning C4305: '인수': 'double'에서 'GLfloat'(으)로 잘립니다.
C:\Users\youjae\source\repos\ComputerGraphics\ComputerGraphics\assignment4.cpp(372,19): warning C4305: '=': 'double'에서 'GLfloat'(으)로 잘립니다.
C:\Users\youjae\source\repos\ComputerGraphics\ComputerGraphics\assignment4.cpp(373,19): warning C4305: '=': 'double'에서 'GLfloat'(으)로 잘립니다.
C:\Users\youjae\source\repos\ComputerGraphics\ComputerGraphics\assignment4.cpp(375,18): warning C4244: '인수': 'double'에서 'GLfloat'(으)로 변환하면서 데이터가 손실될 수 있습니다.
C:\Users\youjae\source\repos\ComputerGraphics\ComputerGraphics\assignment4.cpp(376,26): warning C4244: '인수': 'double'에서 'GLfloat'(으)로 변환하면서 데이터가 손실될 수 있습니다.
C:\Users\youjae\source\repos\ComputerGraphics\ComputerGraphics\assignment4.cpp(376,20): warning C4244: '인수': 'double'에서 'GLfloat'(으)로 변환하면서 데이터가 손실될 수 있습니다.
C:\Users\youjae\source\repos\ComputerGraphics\ComputerGraphics\assignment4.cpp(376,30): warning C4305: '인수': 'double'에서 'GLfloat'(으)로 잘립니다.
C:\Users\youjae\source\repos\ComputerGraphics\ComputerGraphics\assignment4.cpp(382,19): warning C4305: '=': 'double'에서 'GLfloat'(으)로 잘립니다.
C:\Users\youjae\source\repos\ComputerGraphics\ComputerGraphics\assignment4.cpp(383,19): warning C4305: '=': 'double'에서 'GLfloat'(으)로 잘립니다.
C:\Users\youjae\source\repos\ComputerGraphics\ComputerGraphics\assignment4.cpp(385,26): warning C4244: '인수': 'double'에서 'GLfloat'(으)로 변환하면서 데이터가 손실될 수 있습니다.
C:\Users\youjae\source\repos\ComputerGraphics\ComputerGraphics\assignment4.cpp(385,30): warning C4305: '인수': 'double'에서 'GLfloat'(으)로 잘립니다.
C:\Users\youjae\source\repos\ComputerGraphics\ComputerGraphics\assignment4.cpp(385,14): warning C4244: '인수': 'double'에서 'GLfloat'(으)로 변환하면서 데이터가 손실될 수 있습니다.
C:\Users\youjae\source\repos\ComputerGraphics\ComputerGraphics\assignment4.cpp(389,21): warning C4244: '인수': 'double'에서 'GLfloat'(으)로 변환하면서 데이터가 손실될 수 있습니다.
C:\Users\youjae\source\repos\ComputerGraphics\ComputerGraphics\assignment4.cpp(391,19): warning C4305: '=': 'double'에서 'GLfloat'(으)로 잘립니다.
C:\Users\youjae\source\repos\ComputerGraphics\ComputerGraphics\assignment4.cpp(392,19): warning C4305: '=': 'double'에서 'GLfloat'(으)로 잘립니다.
C:\Users\youjae\source\repos\ComputerGraphics\ComputerGraphics\assignment4.cpp(394,38): warning C4244: '인수': 'double'에서 'GLfloat'(으)로 변환하면서 데이터가 손실될 수 있습니다.
C:\Users\youjae\source\repos\ComputerGraphics\ComputerGraphics\assignment4.cpp(394,44): warning C4305: '인수': 'double'에서 'GLfloat'(으)로 잘립니다.
C:\Users\youjae\source\repos\ComputerGraphics\ComputerGraphics\assignment4.cpp(394,19): warning C4244: '인수': 'double'에서 'GLfloat'(으)로 변환하면서 데이터가 손실될 수 있습니다.
C:\Users\youjae\source\repos\ComputerGraphics\ComputerGraphics\assignment4.cpp(425,26): warning C4244: '인수': 'double'에서 'GLfloat'(으)로 변환하면서 데이터가 손실될 수 있습니다.
C:\Users\youjae\source\repos\ComputerGraphics\ComputerGraphics\assignment4.cpp(426,43): warning C4244: '인수': 'double'에서 'GLfloat'(으)로 변환하면서 데이터가 손실될 수 있습니다.
C:\Users\youjae\source\repos\ComputerGraphics\ComputerGraphics\assignment4.cpp(426,33): warning C4244: '인수': 'double'에서 'GLfloat'(으)로 변환하면서 데이터가 손실될 수 있습니다.
C:\Users\youjae\source\repos\ComputerGraphics\ComputerGraphics\assignment4.cpp(426,22): warning C4244: '인수': 'double'에서 'GLfloat'(으)로 변환하면서 데이터가 손실될 수 있습니다.
C:\Users\youjae\source\repos\ComputerGraphics\ComputerGraphics\assignment4.cpp(427,129): warning C4244: '인수': 'double'에서 'GLfloat'(으)로 변환하면서 데이터가 손실될 수 있습니다.
C:\Users\youjae\source\repos\ComputerGraphics\ComputerGraphics\assignment4.cpp(427,108): warning C4244: '인수': 'double'에서 'GLfloat'(으)로 변환하면서 데이터가 손실될 수 있습니다.
C:\Users\youjae\source\repos\ComputerGraphics\ComputerGraphics\assignment4.cpp(427,87): warning C4244: '인수': 'double'에서 'GLfloat'(으)로 변환하면서 데이터가 손실될 수 있습니다.
C:\Users\youjae\source\repos\ComputerGraphics\ComputerGraphics\assignment4.cpp(427,66): warning C4244: '인수': 'double'에서 'GLfloat'(으)로 변환하면서 데이터가 손실될 수 있습니다.
C:\Users\youjae\source\repos\ComputerGraphics\ComputerGraphics\assignment4.cpp(427,45): warning C4244: '인수': 'double'에서 'GLfloat'(으)로 변환하면서 데이터가 손실될 수 있습니다.
C:\Users\youjae\source\repos\ComputerGraphics\ComputerGraphics\assignment4.cpp(427,24): warning C4244: '인수': 'double'에서 'GLfloat'(으)로 변환하면서 데이터가 손실될 수 있습니다.
C:\Users\youjae\source\repos\ComputerGraphics\ComputerGraphics\assignment4.cpp(437,43): warning C4244: '인수': 'double'에서 'GLfloat'(으)로 변환하면서 데이터가 손실될 수 있습니다.
C:\Users\youjae\source\repos\ComputerGraphics\ComputerGraphics\assignment4.cpp(437,33): warning C4244: '인수': 'double'에서 'GLfloat'(으)로 변환하면서 데이터가 손실될 수 있습니다.
C:\Users\youjae\source\repos\ComputerGraphics\ComputerGraphics\assignment4.cpp(437,22): warning C4244: '인수': 'double'에서 'GLfloat'(으)로 변환하면서 데이터가 손실될 수 있습니다.
C:\Users\youjae\source\repos\ComputerGraphics\ComputerGraphics\assignment4.cpp(438,129): warning C4244: '인수': 'double'에서 'GLfloat'(으)로 변환하면서 데이터가 손실될 수 있습니다.
C:\Users\youjae\source\repos\ComputerGraphics\ComputerGraphics\assignment4.cpp(438,108): warning C4244: '인수': 'double'에서 'GLfloat'(으)로 변환하면서 데이터가 손실될 수 있습니다.
C:\Users\youjae\source\repos\ComputerGraphics\ComputerGraphics\assignment4.cpp(438,87): warning C4244: '인수': 'double'에서 'GLfloat'(으)로 변환하면서 데이터가 손실될 수 있습니다.
C:\Users\youjae\source\repos\ComputerGraphics\ComputerGraphics\assignment4.cpp(438,66): warning C4244: '인수': 'double'에서 'GLfloat'(으)로 변환하면서 데이터가 손실될 수 있습니다.
C:\Users\youjae\source\repos\ComputerGraphics\ComputerGraphics\assignment4.cpp(438,45): warning C4244: '인수': 'double'에서 'GLfloat'(으)로 변환하면서 데이터가 손실될 수 있습니다.
C:\Users\youjae\source\repos\ComputerGraphics\ComputerGraphics\assignment4.cpp(438,24): warning C4244: '인수': 'double'에서 'GLfloat'(으)로 변환하면서 데이터가 손실될 수 있습니다.
C:\Users\youjae\source\repos\ComputerGraphics\ComputerGraphics\assignment4.cpp(447,29): warning C4244: '인수': 'double'에서 'GLfloat'(으)로 변환하면서 데이터가 손실될 수 있습니다.
C:\Users\youjae\source\repos\ComputerGraphics\ComputerGraphics\assignment4.cpp(448,43): warning C4244: '인수': 'double'에서 'GLfloat'(으)로 변환하면서 데이터가 손실될 수 있습니다.
C:\Users\youjae\source\repos\ComputerGraphics\ComputerGraphics\assignment4.cpp(448,33): warning C4244: '인수': 'double'에서 'GLfloat'(으)로 변환하면서 데이터가 손실될 수 있습니다.
C:\Users\youjae\source\repos\ComputerGraphics\ComputerGraphics\assignment4.cpp(448,22): warning C4244: '인수': 'double'에서 'GLfloat'(으)로 변환하면서 데이터가 손실될 수 있습니다.
C:\Users\youjae\source\repos\ComputerGraphics\ComputerGraphics\assignment4.cpp(449,129): warning C4244: '인수': 'double'에서 'GLfloat'(으)로 변환하면서 데이터가 손실될 수 있습니다.
C:\Users\youjae\source\repos\ComputerGraphics\ComputerGraphics\assignment4.cpp(449,108): warning C4244: '인수': 'double'에서 'GLfloat'(으)로 변환하면서 데이터가 손실될 수 있습니다.
C:\Users\youjae\source\repos\ComputerGraphics\ComputerGraphics\assignment4.cpp(449,87): warning C4244: '인수': 'double'에서 'GLfloat'(으)로 변환하면서 데이터가 손실될 수 있습니다.
C:\Users\youjae\source\repos\ComputerGraphics\ComputerGraphics\assignment4.cpp(449,66): warning C4244: '인수': 'double'에서 'GLfloat'(으)로 변환하면서 데이터가 손실될 수 있습니다.
C:\Users\youjae\source\repos\ComputerGraphics\ComputerGraphics\assignment4.cpp(449,45): warning C4244: '인수': 'double'에서 'GLfloat'(으)로 변환하면서 데이터가 손실될 수 있습니다.
C:\Users\youjae\source\repos\ComputerGraphics\ComputerGraphics\assignment4.cpp(449,24): warning C4244: '인수': 'double'에서 'GLfloat'(으)로 변환하면서 데이터가 손실될 수 있습니다.
C:\Users\youjae\source\repos\ComputerGraphics\ComputerGraphics\assignment4.cpp(458,37): warning C4244: '인수': 'double'에서 'GLfloat'(으)로 변환하면서 데이터가 손실될 수 있습니다.
C:\Users\youjae\source\repos\ComputerGraphics\ComputerGraphics\assignment4.cpp(458,26): warning C4244: '인수': 'double'에서 'GLfloat'(으)로 변환하면서 데이터가 손실될 수 있습니다.
C:\Users\youjae\source\repos\ComputerGraphics\ComputerGraphics\assignment4.cpp(459,43): warning C4244: '인수': 'double'에서 'GLfloat'(으)로 변환하면서 데이터가 손실될 수 있습니다.
C:\Users\youjae\source\repos\ComputerGraphics\ComputerGraphics\assignment4.cpp(459,33): warning C4244: '인수': 'double'에서 'GLfloat'(으)로 변환하면서 데이터가 손실될 수 있습니다.
C:\Users\youjae\source\repos\ComputerGraphics\ComputerGraphics\assignment4.cpp(459,22): warning C4244: '인수': 'double'에서 'GLfloat'(으)로 변환하면서 데이터가 손실될 수 있습니다.
C:\Users\youjae\source\repos\ComputerGraphics\ComputerGraphics\assignment4.cpp(460,129): warning C4244: '인수': 'double'에서 'GLfloat'(으)로 변환하면서 데이터가 손실될 수 있습니다.
C:\Users\youjae\source\repos\ComputerGraphics\ComputerGraphics\assignment4.cpp(460,108): warning C4244: '인수': 'double'에서 'GLfloat'(으)로 변환하면서 데이터가 손실될 수 있습니다.
C:\Users\youjae\source\repos\ComputerGraphics\ComputerGraphics\assignment4.cpp(460,87): warning C4244: '인수': 'double'에서 'GLfloat'(으)로 변환하면서 데이터가 손실될 수 있습니다.
C:\Users\youjae\source\repos\ComputerGraphics\ComputerGraphics\assignment4.cpp(460,66): warning C4244: '인수': 'double'에서 'GLfloat'(으)로 변환하면서 데이터가 손실될 수 있습니다.
C:\Users\youjae\source\repos\ComputerGraphics\ComputerGraphics\assignment4.cpp(460,45): warning C4244: '인수': 'double'에서 'GLfloat'(으)로 변환하면서 데이터가 손실될 수 있습니다.
C:\Users\youjae\source\repos\ComputerGraphics\ComputerGraphics\assignment4.cpp(460,24): warning C4244: '인수': 'double'에서 'GLfloat'(으)로 변환하면서 데이터가 손실될 수 있습니다.
C:\Users\youjae\source\repos\ComputerGraphics\ComputerGraphics\assignment4.cpp(469,49): warning C4244: '인수': 'double'에서 'GLfloat'(으)로 변환하면서 데이터가 손실될 수 있습니다.
C:\Users\youjae\source\repos\ComputerGraphics\ComputerGraphics\assignment4.cpp(469,28): warning C4244: '인수': 'double'에서 'GLfloat'(으)로 변환하면서 데이터가 손실될 수 있습니다.
C:\Users\youjae\source\repos\ComputerGraphics\ComputerGraphics\assignment4.cpp(470,43): warning C4244: '인수': 'double'에서 'GLfloat'(으)로 변환하면서 데이터가 손실될 수 있습니다.
C:\Users\youjae\source\repos\ComputerGraphics\ComputerGraphics\assignment4.cpp(470,33): warning C4244: '인수': 'double'에서 'GLfloat'(으)로 변환하면서 데이터가 손실될 수 있습니다.
C:\Users\youjae\source\repos\ComputerGraphics\ComputerGraphics\assignment4.cpp(470,22): warning C4244: '인수': 'double'에서 'GLfloat'(으)로 변환하면서 데이터가 손실될 수 있습니다.
C:\Users\youjae\source\repos\ComputerGraphics\ComputerGraphics\assignment4.cpp(471,129): warning C4244: '인수': 'double'에서 'GLfloat'(으)로 변환하면서 데이터가 손실될 수 있습니다.
C:\Users\youjae\source\repos\ComputerGraphics\ComputerGraphics\assignment4.cpp(471,108): warning C4244: '인수': 'double'에서 'GLfloat'(으)로 변환하면서 데이터가 손실될 수 있습니다.
C:\Users\youjae\source\repos\ComputerGraphics\ComputerGraphics\assignment4.cpp(471,87): warning C4244: '인수': 'double'에서 'GLfloat'(으)로 변환하면서 데이터가 손실될 수 있습니다.
C:\Users\youjae\source\repos\ComputerGraphics\ComputerGraphics\assignment4.cpp(471,66): warning C4244: '인수': 'double'에서 'GLfloat'(으)로 변환하면서 데이터가 손실될 수 있습니다.
C:\Users\youjae\source\repos\ComputerGraphics\ComputerGraphics\assignment4.cpp(471,45): warning C4244: '인수': 'double'에서 'GLfloat'(으)로 변환하면서 데이터가 손실될 수 있습니다.
C:\Users\youjae\source\repos\ComputerGraphics\ComputerGraphics\assignment4.cpp(471,24): warning C4244: '인수': 'double'에서 'GLfloat'(으)로 변환하면서 데이터가 손실될 수 있습니다.
C:\Users\youjae\source\repos\ComputerGraphics\ComputerGraphics\assignment4.cpp(480,29): warning C4244: '인수': 'double'에서 'GLfloat'(으)로 변환하면서 데이터가 손실될 수 있습니다.
C:\Users\youjae\source\repos\ComputerGraphics\ComputerGraphics\assignment4.cpp(481,43): warning C4244: '인수': 'double'에서 'GLfloat'(으)로 변환하면서 데이터가 손실될 수 있습니다.
C:\Users\youjae\source\repos\ComputerGraphics\ComputerGraphics\assignment4.cpp(481,33): warning C4244: '인수': 'double'에서 'GLfloat'(으)로 변환하면서 데이터가 손실될 수 있습니다.
C:\Users\youjae\source\repos\ComputerGraphics\ComputerGraphics\assignment4.cpp(481,22): warning C4244: '인수': 'double'에서 'GLfloat'(으)로 변환하면서 데이터가 손실될 수 있습니다.
C:\Users\youjae\source\repos\ComputerGraphics\ComputerGraphics\assignment4.cpp(482,129): warning C4244: '인수': 'double'에서 'GLfloat'(으)로 변환하면서 데이터가 손실될 수 있습니다.
C:\Users\youjae\source\repos\ComputerGraphics\ComputerGraphics\assignment4.cpp(482,108): warning C4244: '인수': 'double'에서 'GLfloat'(으)로 변환하면서 데이터가 손실될 수 있습니다.
C:\Users\youjae\source\repos\ComputerGraphics\ComputerGraphics\assignment4.cpp(482,87): warning C4244: '인수': 'double'에서 'GLfloat'(으)로 변환하면서 데이터가 손실될 수 있습니다.
C:\Users\youjae\source\repos\ComputerGraphics\ComputerGraphics\assignment4.cpp(482,66): warning C4244: '인수': 'double'에서 'GLfloat'(으)로 변환하면서 데이터가 손실될 수 있습니다.
C:\Users\youjae\source\repos\ComputerGraphics\ComputerGraphics\assignment4.cpp(482,45): warning C4244: '인수': 'double'에서 'GLfloat'(으)로 변환하면서 데이터가 손실될 수 있습니다.
C:\Users\youjae\source\repos\ComputerGraphics\ComputerGraphics\assignment4.cpp(482,24): warning C4244: '인수': 'double'에서 'GLfloat'(으)로 변환하면서 데이터가 손실될 수 있습니다.
C:\Users\youjae\source\repos\ComputerGraphics\ComputerGraphics\assignment4.cpp(491,51): warning C4244: '인수': 'double'에서 'GLfloat'(으)로 변환하면서 데이터가 손실될 수 있습니다.
C:\Users\youjae\source\repos\ComputerGraphics\ComputerGraphics\assignment4.cpp(491,31): warning C4244: '인수': 'double'에서 'GLfloat'(으)로 변환하면서 데이터가 손실될 수 있습니다.
C:\Users\youjae\source\repos\ComputerGraphics\ComputerGraphics\assignment4.cpp(492,43): warning C4244: '인수': 'double'에서 'GLfloat'(으)로 변환하면서 데이터가 손실될 수 있습니다.
C:\Users\youjae\source\repos\ComputerGraphics\ComputerGraphics\assignment4.cpp(492,33): warning C4244: '인수': 'double'에서 'GLfloat'(으)로 변환하면서 데이터가 손실될 수 있습니다.
C:\Users\youjae\source\repos\ComputerGraphics\ComputerGraphics\assignment4.cpp(492,22): warning C4244: '인수': 'double'에서 'GLfloat'(으)로 변환하면서 데이터가 손실될 수 있습니다.
C:\Users\youjae\source\repos\ComputerGraphics\ComputerGraphics\assignment4.cpp(493,129): warning C4244: '인수': 'double'에서 'GLfloat'(으)로 변환하면서 데이터가 손실될 수 있습니다.
C:\Users\youjae\source\repos\ComputerGraphics\ComputerGraphics\assignment4.cpp(493,108): warning C4244: '인수': 'double'에서 'GLfloat'(으)로 변환하면서 데이터가 손실될 수 있습니다.
C:\Users\youjae\source\repos\ComputerGraphics\ComputerGraphics\assignment4.cpp(493,87): warning C4244: '인수': 'double'에서 'GLfloat'(으)로 변환하면서 데이터가 손실될 수 있습니다.
C:\Users\youjae\source\repos\ComputerGraphics\ComputerGraphics\assignment4.cpp(493,66): warning C4244: '인수': 'double'에서 'GLfloat'(으)로 변환하면서 데이터가 손실될 수 있습니다.
C:\Users\youjae\source\repos\ComputerGraphics\ComputerGraphics\assignment4.cpp(493,45): warning C4244: '인수': 'double'에서 'GLfloat'(으)로 변환하면서 데이터가 손실될 수 있습니다.
C:\Users\youjae\source\repos\ComputerGraphics\ComputerGraphics\assignment4.cpp(493,24): warning C4244: '인수': 'double'에서 'GLfloat'(으)로 변환하면서 데이터가 손실될 수 있습니다.
C:\Users\youjae\source\repos\ComputerGraphics\ComputerGraphics\assignment4.cpp(503,63): warning C4244: '인수': 'double'에서 'GLfloat'(으)로 변환하면서 데이터가 손실될 수 있습니다.
C:\Users\youjae\source\repos\ComputerGraphics\ComputerGraphics\assignment4.cpp(503,43): warning C4244: '인수': 'double'에서 'GLfloat'(으)로 변환하면서 데이터가 손실될 수 있습니다.
C:\Users\youjae\source\repos\ComputerGraphics\ComputerGraphics\assignment4.cpp(504,50): warning C4244: '인수': 'double'에서 'GLfloat'(으)로 변환하면서 데이터가 손실될 수 있습니다.
C:\Users\youjae\source\repos\ComputerGraphics\ComputerGraphics\assignment4.cpp(504,35): warning C4244: '인수': 'double'에서 'GLfloat'(으)로 변환하면서 데이터가 손실될 수 있습니다.
C:\Users\youjae\source\repos\ComputerGraphics\ComputerGraphics\assignment4.cpp(504,22): warning C4244: '인수': 'double'에서 'GLfloat'(으)로 변환하면서 데이터가 손실될 수 있습니다.
C:\Users\youjae\source\repos\ComputerGraphics\ComputerGraphics\assignment4.cpp(505,129): warning C4244: '인수': 'double'에서 'GLfloat'(으)로 변환하면서 데이터가 손실될 수 있습니다.
C:\Users\youjae\source\repos\ComputerGraphics\ComputerGraphics\assignment4.cpp(505,108): warning C4244: '인수': 'double'에서 'GLfloat'(으)로 변환하면서 데이터가 손실될 수 있습니다.
C:\Users\youjae\source\repos\ComputerGraphics\ComputerGraphics\assignment4.cpp(505,87): warning C4244: '인수': 'double'에서 'GLfloat'(으)로 변환하면서 데이터가 손실될 수 있습니다.
C:\Users\youjae\source\repos\ComputerGraphics\ComputerGraphics\assignment4.cpp(505,66): warning C4244: '인수': 'double'에서 'GLfloat'(으)로 변환하면서 데이터가 손실될 수 있습니다.
C:\Users\youjae\source\repos\ComputerGraphics\ComputerGraphics\assignment4.cpp(505,45): warning C4244: '인수': 'double'에서 'GLfloat'(으)로 변환하면서 데이터가 손실될 수 있습니다.
C:\Users\youjae\source\repos\ComputerGraphics\ComputerGraphics\assignment4.cpp(505,24): warning C4244: '인수': 'double'에서 'GLfloat'(으)로 변환하면서 데이터가 손실될 수 있습니다.
C:\Users\youjae\source\repos\ComputerGraphics\ComputerGraphics\assignment4.cpp(532,60): warning C4244: '인수': 'double'에서 'GLfloat'(으)로 변환하면서 데이터가 손실될 수 있습니다.
C:\Users\youjae\source\repos\ComputerGraphics\ComputerGraphics\assignment4.cpp(532,45): warning C4244: '인수': 'double'에서 'GLfloat'(으)로 변환하면서 데이터가 손실될 수 있습니다.
C:\Users\youjae\source\repos\ComputerGraphics\ComputerGraphics\assignment4.cpp(532,30): warning C4244: '인수': 'double'에서 'GLfloat'(으)로 변환하면서 데이터가 손실될 수 있습니다.
C:\Users\youjae\source\repos\ComputerGraphics\ComputerGraphics\assignment4.cpp(533,70): warning C4244: '인수': 'double'에서 'GLfloat'(으)로 변환하면서 데이터가 손실될 수 있습니다.
C:\Users\youjae\source\repos\ComputerGraphics\ComputerGraphics\assignment4.cpp(533,51): warning C4244: '인수': 'double'에서 'GLfloat'(으)로 변환하면서 데이터가 손실될 수 있습니다.
C:\Users\youjae\source\repos\ComputerGraphics\ComputerGraphics\assignment4.cpp(533,31): warning C4244: '인수': 'double'에서 'GLfloat'(으)로 변환하면서 데이터가 손실될 수 있습니다.
C:\Users\youjae\source\repos\ComputerGraphics\ComputerGraphics\assignment4.cpp(534,129): warning C4244: '인수': 'double'에서 'GLfloat'(으)로 변환하면서 데이터가 손실될 수 있습니다.
C:\Users\youjae\source\repos\ComputerGraphics\ComputerGraphics\assignment4.cpp(534,108): warning C4244: '인수': 'double'에서 'GLfloat'(으)로 변환하면서 데이터가 손실될 수 있습니다.
C:\Users\youjae\source\repos\ComputerGraphics\ComputerGraphics\assignment4.cpp(534,87): warning C4244: '인수': 'double'에서 'GLfloat'(으)로 변환하면서 데이터가 손실될 수 있습니다.
C:\Users\youjae\source\repos\ComputerGraphics\ComputerGraphics\assignment4.cpp(534,66): warning C4244: '인수': 'double'에서 'GLfloat'(으)로 변환하면서 데이터가 손실될 수 있습니다.
C:\Users\youjae\source\repos\ComputerGraphics\ComputerGraphics\assignment4.cpp(534,45): warning C4244: '인수': 'double'에서 'GLfloat'(으)로 변환하면서 데이터가 손실될 수 있습니다.
C:\Users\youjae\source\repos\ComputerGraphics\ComputerGraphics\assignment4.cpp(534,24): warning C4244: '인수': 'double'에서 'GLfloat'(으)로 변환하면서 데이터가 손실될 수 있습니다.
C:\Users\youjae\source\repos\ComputerGraphics\ComputerGraphics\assignment4.cpp(543,60): warning C4244: '인수': 'double'에서 'GLfloat'(으)로 변환하면서 데이터가 손실될 수 있습니다.
C:\Users\youjae\source\repos\ComputerGraphics\ComputerGraphics\assignment4.cpp(543,45): warning C4244: '인수': 'double'에서 'GLfloat'(으)로 변환하면서 데이터가 손실될 수 있습니다.
C:\Users\youjae\source\repos\ComputerGraphics\ComputerGraphics\assignment4.cpp(543,30): warning C4244: '인수': 'double'에서 'GLfloat'(으)로 변환하면서 데이터가 손실될 수 있습니다.
C:\Users\youjae\source\repos\ComputerGraphics\ComputerGraphics\assignment4.cpp(544,70): warning C4244: '인수': 'double'에서 'GLfloat'(으)로 변환하면서 데이터가 손실될 수 있습니다.
C:\Users\youjae\source\repos\ComputerGraphics\ComputerGraphics\assignment4.cpp(544,51): warning C4244: '인수': 'double'에서 'GLfloat'(으)로 변환하면서 데이터가 손실될 수 있습니다.
C:\Users\youjae\source\repos\ComputerGraphics\ComputerGraphics\assignment4.cpp(544,31): warning C4244: '인수': 'double'에서 'GLfloat'(으)로 변환하면서 데이터가 손실될 수 있습니다.
C:\Users\youjae\source\repos\ComputerGraphics\ComputerGraphics\assignment4.cpp(545,143): warning C4244: '인수': 'double'에서 'GLfloat'(으)로 변환하면서 데이터가 손실될 수 있습니다.
C:\Users\youjae\source\repos\ComputerGraphics\ComputerGraphics\assignment4.cpp(545,122): warning C4244: '인수': 'double'에서 'GLfloat'(으)로 변환하면서 데이터가 손실될 수 있습니다.
C:\Users\youjae\source\repos\ComputerGraphics\ComputerGraphics\assignment4.cpp(545,101): warning C4244: '인수': 'double'에서 'GLfloat'(으)로 변환하면서 데이터가 손실될 수 있습니다.
C:\Users\youjae\source\repos\ComputerGraphics\ComputerGraphics\assignment4.cpp(545,80): warning C4244: '인수': 'double'에서 'GLfloat'(으)로 변환하면서 데이터가 손실될 수 있습니다.
C:\Users\youjae\source\repos\ComputerGraphics\ComputerGraphics\assignment4.cpp(545,59): warning C4244: '인수': 'double'에서 'GLfloat'(으)로 변환하면서 데이터가 손실될 수 있습니다.
C:\Users\youjae\source\repos\ComputerGraphics\ComputerGraphics\assignment4.cpp(545,38): warning C4244: '인수': 'double'에서 'GLfloat'(으)로 변환하면서 데이터가 손실될 수 있습니다.
C:\Users\youjae\source\repos\ComputerGraphics\ComputerGraphics\assignment4.cpp(554,60): warning C4244: '인수': 'double'에서 'GLfloat'(으)로 변환하면서 데이터가 손실될 수 있습니다.
C:\Users\youjae\source\repos\ComputerGraphics\ComputerGraphics\assignment4.cpp(554,45): warning C4244: '인수': 'double'에서 'GLfloat'(으)로 변환하면서 데이터가 손실될 수 있습니다.
C:\Users\youjae\source\repos\ComputerGraphics\ComputerGraphics\assignment4.cpp(554,30): warning C4244: '인수': 'double'에서 'GLfloat'(으)로 변환하면서 데이터가 손실될 수 있습니다.
C:\Users\youjae\source\repos\ComputerGraphics\ComputerGraphics\assignment4.cpp(555,70): warning C4244: '인수': 'double'에서 'GLfloat'(으)로 변환하면서 데이터가 손실될 수 있습니다.
C:\Users\youjae\source\repos\ComputerGraphics\ComputerGraphics\assignment4.cpp(555,51): warning C4244: '인수': 'double'에서 'GLfloat'(으)로 변환하면서 데이터가 손실될 수 있습니다.
C:\Users\youjae\source\repos\ComputerGraphics\ComputerGraphics\assignment4.cpp(555,31): warning C4244: '인수': 'double'에서 'GLfloat'(으)로 변환하면서 데이터가 손실될 수 있습니다.
C:\Users\youjae\source\repos\ComputerGraphics\ComputerGraphics\assignment4.cpp(556,143): warning C4244: '인수': 'double'에서 'GLfloat'(으)로 변환하면서 데이터가 손실될 수 있습니다.
C:\Users\youjae\source\repos\ComputerGraphics\ComputerGraphics\assignment4.cpp(556,122): warning C4244: '인수': 'double'에서 'GLfloat'(으)로 변환하면서 데이터가 손실될 수 있습니다.
C:\Users\youjae\source\repos\ComputerGraphics\ComputerGraphics\assignment4.cpp(556,101): warning C4244: '인수': 'double'에서 'GLfloat'(으)로 변환하면서 데이터가 손실될 수 있습니다.
C:\Users\youjae\source\repos\ComputerGraphics\ComputerGraphics\assignment4.cpp(556,80): warning C4244: '인수': 'double'에서 'GLfloat'(으)로 변환하면서 데이터가 손실될 수 있습니다.
C:\Users\youjae\source\repos\ComputerGraphics\ComputerGraphics\assignment4.cpp(556,59): warning C4244: '인수': 'double'에서 'GLfloat'(으)로 변환하면서 데이터가 손실될 수 있습니다.
C:\Users\youjae\source\repos\ComputerGraphics\ComputerGraphics\assignment4.cpp(556,38): warning C4244: '인수': 'double'에서 'GLfloat'(으)로 변환하면서 데이터가 손실될 수 있습니다.
C:\Users\youjae\source\repos\ComputerGraphics\ComputerGraphics\assignment4.cpp(564,26): warning C4305: '초기화 중': 'double'에서 'float'(으)로 잘립니다.
C:\Users\youjae\source\repos\ComputerGraphics\ComputerGraphics\assignment4.cpp(564,47): warning C4305: '초기화 중': 'double'에서 'float'(으)로 잘립니다.
C:\Users\youjae\source\repos\ComputerGraphics\ComputerGraphics\assignment4.cpp(565,27): warning C4305: '초기화 중': 'double'에서 'float'(으)로 잘립니다.
C:\Users\youjae\source\repos\ComputerGraphics\ComputerGraphics\assignment4.cpp(570,19): warning C4305: '=': 'double'에서 'GLfloat'(으)로 잘립니다.
C:\Users\youjae\source\repos\ComputerGraphics\ComputerGraphics\assignment4.cpp(571,19): warning C4305: '=': 'double'에서 'GLfloat'(으)로 잘립니다.
C:\Users\youjae\source\repos\ComputerGraphics\ComputerGraphics\assignment4.cpp(577,36): warning C4305: '인수': 'double'에서 'GLfloat'(으)로 잘립니다.
C:\Users\youjae\source\repos\ComputerGraphics\ComputerGraphics\assignment4.cpp(578,29): warning C4305: '인수': 'double'에서 'GLfloat'(으)로 잘립니다.
C:\Users\youjae\source\repos\ComputerGraphics\ComputerGraphics\assignment4.cpp(585,19): warning C4305: '=': 'double'에서 'GLfloat'(으)로 잘립니다.
C:\Users\youjae\source\repos\ComputerGraphics\ComputerGraphics\assignment4.cpp(586,19): warning C4305: '=': 'double'에서 'GLfloat'(으)로 잘립니다.
C:\Users\youjae\source\repos\ComputerGraphics\ComputerGraphics\assignment4.cpp(590,41): warning C4305: '인수': 'double'에서 'GLfloat'(으)로 잘립니다.
C:\Users\youjae\source\repos\ComputerGraphics\ComputerGraphics\assignment4.cpp(591,30): warning C4305: '인수': 'double'에서 'GLfloat'(으)로 잘립니다.
C:\Users\youjae\source\repos\ComputerGraphics\ComputerGraphics\assignment4.cpp(642,53): warning C4305: '초기화 중': 'double'에서 'GLfloat'(으)로 잘립니다.
C:\Users\youjae\source\repos\ComputerGraphics\ComputerGraphics\assignment4.cpp(646,17): warning C4805: '==': 연산에 'GLboolean' 형식과 'bool' 형식을 함께 사용하는 것은 안전하지 않습니다.
C:\Users\youjae\source\repos\ComputerGraphics\ComputerGraphics\assignment4.cpp(649,18): warning C4805: '==': 연산에 'GLboolean' 형식과 'bool' 형식을 함께 사용하는 것은 안전하지 않습니다.
C:\Users\youjae\source\repos\ComputerGraphics\ComputerGraphics\assignment4.cpp(652,18): warning C4805: '==': 연산에 'GLboolean' 형식과 'bool' 형식을 함께 사용하는 것은 안전하지 않습니다.
C:\Users\youjae\source\repos\ComputerGraphics\ComputerGraphics\assignment4.cpp(666,50): warning C4305: '초기화 중': 'double'에서 'GLfloat'(으)로 잘립니다.
C:\Users\youjae\source\repos\ComputerGraphics\ComputerGraphics\assignment4.cpp(667,47): warning C4305: '초기화 중': 'double'에서 'GLfloat'(으)로 잘립니다.
C:\Users\youjae\source\repos\ComputerGraphics\ComputerGraphics\assignment4.cpp(681,17): warning C4805: '==': 연산에 'GLboolean' 형식과 'bool' 형식을 함께 사용하는 것은 안전하지 않습니다.
C:\Users\youjae\source\repos\ComputerGraphics\ComputerGraphics\assignment4.cpp(684,18): warning C4805: '==': 연산에 'GLboolean' 형식과 'bool' 형식을 함께 사용하는 것은 안전하지 않습니다.
C:\Users\youjae\source\repos\ComputerGraphics\ComputerGraphics\assignment4.cpp(687,18): warning C4805: '==': 연산에 'GLboolean' 형식과 'bool' 형식을 함께 사용하는 것은 안전하지 않습니다.
C:\Users\youjae\source\repos\ComputerGraphics\ComputerGraphics\assignment4.cpp(700,19): warning C4305: '=': 'double'에서 'GLfloat'(으)로 잘립니다.
C:\Users\youjae\source\repos\ComputerGraphics\ComputerGraphics\assignment4.cpp(701,19): warning C4305: '=': 'double'에서 'GLfloat'(으)로 잘립니다.
C:\Users\youjae\source\repos\ComputerGraphics\ComputerGraphics\assignment4.cpp(707,33): warning C4305: '인수': 'double'에서 'GLfloat'(으)로 잘립니다.
C:\Users\youjae\source\repos\ComputerGraphics\ComputerGraphics\assignment4.cpp(708,31): warning C4305: '인수': 'double'에서 'GLfloat'(으)로 잘립니다.
C:\Users\youjae\source\repos\ComputerGraphics\ComputerGraphics\assignment4.cpp(720,18): warning C4305: '초기화 중': 'double'에서 'float'(으)로 잘립니다.
C:\Users\youjae\source\repos\ComputerGraphics\ComputerGraphics\assignment4.cpp(720,39): warning C4305: '초기화 중': 'double'에서 'float'(으)로 잘립니다.
C:\Users\youjae\source\repos\ComputerGraphics\ComputerGraphics\assignment4.cpp(725,19): warning C4305: '=': 'double'에서 'GLfloat'(으)로 잘립니다.
C:\Users\youjae\source\repos\ComputerGraphics\ComputerGraphics\assignment4.cpp(817,131): warning C4244: '인수': 'double'에서 'GLfloat'(으)로 변환하면서 데이터가 손실될 수 있습니다.
C:\Users\youjae\source\repos\ComputerGraphics\ComputerGraphics\assignment4.cpp(817,110): warning C4244: '인수': 'double'에서 'GLfloat'(으)로 변환하면서 데이터가 손실될 수 있습니다.
C:\Users\youjae\source\repos\ComputerGraphics\ComputerGraphics\assignment4.cpp(817,89): warning C4244: '인수': 'double'에서 'GLfloat'(으)로 변환하면서 데이터가 손실될 수 있습니다.
C:\Users\youjae\source\repos\ComputerGraphics\ComputerGraphics\assignment4.cpp(817,68): warning C4244: '인수': 'double'에서 'GLfloat'(으)로 변환하면서 데이터가 손실될 수 있습니다.
C:\Users\youjae\source\repos\ComputerGraphics\ComputerGraphics\assignment4.cpp(817,47): warning C4244: '인수': 'double'에서 'GLfloat'(으)로 변환하면서 데이터가 손실될 수 있습니다.
C:\Users\youjae\source\repos\ComputerGraphics\ComputerGraphics\assignment4.cpp(817,26): warning C4244: '인수': 'double'에서 'GLfloat'(으)로 변환하면서 데이터가 손실될 수 있습니다.
C:\Users\youjae\source\repos\ComputerGraphics\ComputerGraphics\assignment4.cpp(827,31): warning C4305: '인수': 'double'에서 'GLfloat'(으)로 잘립니다.
C:\Users\youjae\source\repos\ComputerGraphics\ComputerGraphics\assignment4.cpp(828,27): warning C4305: '인수': 'double'에서 'GLfloat'(으)로 잘립니다.
C:\Users\youjae\source\repos\ComputerGraphics\ComputerGraphics\assignment4.cpp(829,129): warning C4244: '인수': 'double'에서 'GLfloat'(으)로 변환하면서 데이터가 손실될 수 있습니다.
C:\Users\youjae\source\repos\ComputerGraphics\ComputerGraphics\assignment4.cpp(829,108): warning C4244: '인수': 'double'에서 'GLfloat'(으)로 변환하면서 데이터가 손실될 수 있습니다.
C:\Users\youjae\source\repos\ComputerGraphics\ComputerGraphics\assignment4.cpp(829,87): warning C4244: '인수': 'double'에서 'GLfloat'(으)로 변환하면서 데이터가 손실될 수 있습니다.
C:\Users\youjae\source\repos\ComputerGraphics\ComputerGraphics\assignment4.cpp(829,66): warning C4244: '인수': 'double'에서 'GLfloat'(으)로 변환하면서 데이터가 손실될 수 있습니다.
C:\Users\youjae\source\repos\ComputerGraphics\ComputerGraphics\assignment4.cpp(829,45): warning C4244: '인수': 'double'에서 'GLfloat'(으)로 변환하면서 데이터가 손실될 수 있습니다.
C:\Users\youjae\source\repos\ComputerGraphics\ComputerGraphics\assignment4.cpp(829,24): warning C4244: '인수': 'double'에서 'GLfloat'(으)로 변환하면서 데이터가 손실될 수 있습니다.
C:\Users\youjae\source\repos\ComputerGraphics\ComputerGraphics\assignment4.cpp(836,23): warning C4305: '인수': 'double'에서 'GLfloat'(으)로 잘립니다.
C:\Users\youjae\source\repos\ComputerGraphics\ComputerGraphics\assignment4.cpp(837,149): warning C4244: '인수': 'double'에서 'GLfloat'(으)로 변환하면서 데이터가 손실될 수 있습니다.
C:\Users\youjae\source\repos\ComputerGraphics\ComputerGraphics\assignment4.cpp(837,128): warning C4244: '인수': 'double'에서 'GLfloat'(으)로 변환하면서 데이터가 손실될 수 있습니다.
C:\Users\youjae\source\repos\ComputerGraphics\ComputerGraphics\assignment4.cpp(837,107): warning C4244: '인수': 'double'에서 'GLfloat'(으)로 변환하면서 데이터가 손실될 수 있습니다.
C:\Users\youjae\source\repos\ComputerGraphics\ComputerGraphics\assignment4.cpp(837,86): warning C4244: '인수': 'double'에서 'GLfloat'(으)로 변환하면서 데이터가 손실될 수 있습니다.
C:\Users\youjae\source\repos\ComputerGraphics\ComputerGraphics\assignment4.cpp(837,65): warning C4244: '인수': 'double'에서 'GLfloat'(으)로 변환하면서 데이터가 손실될 수 있습니다.
C:\Users\youjae\source\repos\ComputerGraphics\ComputerGraphics\assignment4.cpp(837,44): warning C4244: '인수': 'double'에서 'GLfloat'(으)로 변환하면서 데이터가 손실될 수 있습니다.
C:\Users\youjae\source\repos\ComputerGraphics\ComputerGraphics\assignment4.cpp(841,34): warning C4305: '인수': 'double'에서 'GLfloat'(으)로 잘립니다.
C:\Users\youjae\source\repos\ComputerGraphics\ComputerGraphics\assignment4.cpp(842,25): warning C4305: '인수': 'double'에서 'GLfloat'(으)로 잘립니다.
C:\Users\youjae\source\repos\ComputerGraphics\ComputerGraphics\assignment4.cpp(846,149): warning C4244: '인수': 'double'에서 'GLfloat'(으)로 변환하면서 데이터가 손실될 수 있습니다.
C:\Users\youjae\source\repos\ComputerGraphics\ComputerGraphics\assignment4.cpp(846,128): warning C4244: '인수': 'double'에서 'GLfloat'(으)로 변환하면서 데이터가 손실될 수 있습니다.
C:\Users\youjae\source\repos\ComputerGraphics\ComputerGraphics\assignment4.cpp(846,107): warning C4244: '인수': 'double'에서 'GLfloat'(으)로 변환하면서 데이터가 손실될 수 있습니다.
C:\Users\youjae\source\repos\ComputerGraphics\ComputerGraphics\assignment4.cpp(846,86): warning C4244: '인수': 'double'에서 'GLfloat'(으)로 변환하면서 데이터가 손실될 수 있습니다.
C:\Users\youjae\source\repos\ComputerGraphics\ComputerGraphics\assignment4.cpp(846,65): warning C4244: '인수': 'double'에서 'GLfloat'(으)로 변환하면서 데이터가 손실될 수 있습니다.
C:\Users\youjae\source\repos\ComputerGraphics\ComputerGraphics\assignment4.cpp(846,44): warning C4244: '인수': 'double'에서 'GLfloat'(으)로 변환하면서 데이터가 손실될 수 있습니다.
C:\Users\youjae\source\repos\ComputerGraphics\ComputerGraphics\assignment4.cpp(864,27): warning C4305: '인수': 'double'에서 'GLfloat'(으)로 잘립니다.
C:\Users\youjae\source\repos\ComputerGraphics\ComputerGraphics\assignment4.cpp(866,131): warning C4244: '인수': 'double'에서 'GLfloat'(으)로 변환하면서 데이터가 손실될 수 있습니다.
C:\Users\youjae\source\repos\ComputerGraphics\ComputerGraphics\assignment4.cpp(866,110): warning C4244: '인수': 'double'에서 'GLfloat'(으)로 변환하면서 데이터가 손실될 수 있습니다.
C:\Users\youjae\source\repos\ComputerGraphics\ComputerGraphics\assignment4.cpp(866,89): warning C4244: '인수': 'double'에서 'GLfloat'(으)로 변환하면서 데이터가 손실될 수 있습니다.
C:\Users\youjae\source\repos\ComputerGraphics\ComputerGraphics\assignment4.cpp(866,68): warning C4244: '인수': 'double'에서 'GLfloat'(으)로 변환하면서 데이터가 손실될 수 있습니다.
C:\Users\youjae\source\repos\ComputerGraphics\ComputerGraphics\assignment4.cpp(866,47): warning C4244: '인수': 'double'에서 'GLfloat'(으)로 변환하면서 데이터가 손실될 수 있습니다.
C:\Users\youjae\source\repos\ComputerGraphics\ComputerGraphics\assignment4.cpp(866,26): warning C4244: '인수': 'double'에서 'GLfloat'(으)로 변환하면서 데이터가 손실될 수 있습니다.
C:\Users\youjae\source\repos\ComputerGraphics\ComputerGraphics\assignment4.cpp(875,27): warning C4305: '인수': 'double'에서 'GLfloat'(으)로 잘립니다.
C:\Users\youjae\source\repos\ComputerGraphics\ComputerGraphics\assignment4.cpp(891,26): warning C4305: '초기화 중': 'double'에서 'float'(으)로 잘립니다.
C:\Users\youjae\source\repos\ComputerGraphics\ComputerGraphics\assignment4.cpp(891,41): warning C4305: '초기화 중': 'double'에서 'float'(으)로 잘립니다.
C:\Users\youjae\source\repos\ComputerGraphics\ComputerGraphics\assignment4.cpp(891,56): warning C4305: '초기화 중': 'double'에서 'float'(으)로 잘립니다.
C:\Users\youjae\source\repos\ComputerGraphics\ComputerGraphics\assignment4.cpp(894,27): warning C4305: '초기화 중': 'double'에서 'float'(으)로 잘립니다.
C:\Users\youjae\source\repos\ComputerGraphics\ComputerGraphics\assignment4.cpp(898,19): warning C4305: '=': 'double'에서 'GLfloat'(으)로 잘립니다.
C:\Users\youjae\source\repos\ComputerGraphics\ComputerGraphics\assignment4.cpp(899,19): warning C4305: '=': 'double'에서 'GLfloat'(으)로 잘립니다.
C:\Users\youjae\source\repos\ComputerGraphics\ComputerGraphics\assignment4.cpp(914,29): warning C4244: '인수': 'double'에서 'GLfloat'(으)로 변환하면서 데이터가 손실될 수 있습니다.
C:\Users\youjae\source\repos\ComputerGraphics\ComputerGraphics\assignment4.cpp(922,29): warning C4244: '인수': 'double'에서 'GLfloat'(으)로 변환하면서 데이터가 손실될 수 있습니다.
C:\Users\youjae\source\repos\ComputerGraphics\ComputerGraphics\assignment4.cpp(931,37): warning C4244: '인수': 'double'에서 'GLfloat'(으)로 변환하면서 데이터가 손실될 수 있습니다.
C:\Users\youjae\source\repos\ComputerGraphics\ComputerGraphics\assignment4.cpp(940,45): warning C4305: '인수': 'double'에서 'GLfloat'(으)로 잘립니다.
C:\Users\youjae\source\repos\ComputerGraphics\ComputerGraphics\assignment4.cpp(940,35): warning C4244: '인수': 'double'에서 'GLfloat'(으)로 변환하면서 데이터가 손실될 수 있습니다.
C:\Users\youjae\source\repos\ComputerGraphics\ComputerGraphics\assignment4.cpp(949,55): warning C4305: '인수': 'double'에서 'GLfloat'(으)로 잘립니다.
C:\Users\youjae\source\repos\ComputerGraphics\ComputerGraphics\assignment4.cpp(949,43): warning C4244: '인수': 'double'에서 'GLfloat'(으)로 변환하면서 데이터가 손실될 수 있습니다.
C:\Users\youjae\source\repos\ComputerGraphics\ComputerGraphics\assignment4.cpp(959,55): warning C4305: '인수': 'double'에서 'GLfloat'(으)로 잘립니다.
C:\Users\youjae\source\repos\ComputerGraphics\ComputerGraphics\assignment4.cpp(959,43): warning C4244: '인수': 'double'에서 'GLfloat'(으)로 변환하면서 데이터가 손실될 수 있습니다.
C:\Users\youjae\source\repos\ComputerGraphics\ComputerGraphics\assignment4.cpp(1006,19): warning C4305: '=': 'double'에서 'GLfloat'(으)로 잘립니다.
C:\Users\youjae\source\repos\ComputerGraphics\ComputerGraphics\assignment4.cpp(1007,19): warning C4305: '=': 'double'에서 'GLfloat'(으)로 잘립니다.
C:\Users\youjae\source\repos\ComputerGraphics\ComputerGraphics\assignment4.cpp(1012,28): warning C4305: '인수': 'double'에서 'GLfloat'(으)로 잘립니다.
C:\Users\youjae\source\repos\ComputerGraphics\ComputerGraphics\assignment4.cpp(1013,28): warning C4305: '인수': 'double'에서 'GLfloat'(으)로 잘립니다.
C:\Users\youjae\source\repos\ComputerGraphics\ComputerGraphics\assignment4.cpp(1018,19): warning C4305: '=': 'double'에서 'GLfloat'(으)로 잘립니다.
C:\Users\youjae\source\repos\ComputerGraphics\ComputerGraphics\assignment4.cpp(1019,19): warning C4305: '=': 'double'에서 'GLfloat'(으)로 잘립니다.
C:\Users\youjae\source\repos\ComputerGraphics\ComputerGraphics\assignment4.cpp(1023,28): warning C4305: '인수': 'double'에서 'GLfloat'(으)로 잘립니다.
C:\Users\youjae\source\repos\ComputerGraphics\ComputerGraphics\assignment4.cpp(1024,29): warning C4305: '인수': 'double'에서 'GLfloat'(으)로 잘립니다.
C:\Users\youjae\source\repos\ComputerGraphics\ComputerGraphics\assignment4.cpp(1029,19): warning C4305: '=': 'double'에서 'GLfloat'(으)로 잘립니다.
C:\Users\youjae\source\repos\ComputerGraphics\ComputerGraphics\assignment4.cpp(1030,19): warning C4305: '=': 'double'에서 'GLfloat'(으)로 잘립니다.
C:\Users\youjae\source\repos\ComputerGraphics\ComputerGraphics\assignment4.cpp(1034,28): warning C4305: '인수': 'double'에서 'GLfloat'(으)로 잘립니다.
C:\Users\youjae\source\repos\ComputerGraphics\ComputerGraphics\assignment4.cpp(1035,30): warning C4305: '인수': 'double'에서 'GLfloat'(으)로 잘립니다.
C:\Users\youjae\source\repos\ComputerGraphics\ComputerGraphics\assignment4.cpp(1040,19): warning C4305: '=': 'double'에서 'GLfloat'(으)로 잘립니다.
C:\Users\youjae\source\repos\ComputerGraphics\ComputerGraphics\assignment4.cpp(1041,19): warning C4305: '=': 'double'에서 'GLfloat'(으)로 잘립니다.
C:\Users\youjae\source\repos\ComputerGraphics\ComputerGraphics\assignment4.cpp(1046,32): warning C4305: '인수': 'double'에서 'GLfloat'(으)로 잘립니다.
C:\Users\youjae\source\repos\ComputerGraphics\ComputerGraphics\assignment4.cpp(1047,31): warning C4305: '인수': 'double'에서 'GLfloat'(으)로 잘립니다.
C:\Users\youjae\source\repos\ComputerGraphics\ComputerGraphics\assignment4.cpp(1056,19): warning C4305: '=': 'double'에서 'GLfloat'(으)로 잘립니다.
C:\Users\youjae\source\repos\ComputerGraphics\ComputerGraphics\assignment4.cpp(1057,19): warning C4305: '=': 'double'에서 'GLfloat'(으)로 잘립니다.
C:\Users\youjae\source\repos\ComputerGraphics\ComputerGraphics\assignment4.cpp(1061,30): warning C4305: '인수': 'double'에서 'GLfloat'(으)로 잘립니다.
C:\Users\youjae\source\repos\ComputerGraphics\ComputerGraphics\assignment4.cpp(1079,34): warning C4305: '인수': 'double'에서 'GLfloat'(으)로 잘립니다.
C:\Users\youjae\source\repos\ComputerGraphics\ComputerGraphics\assignment4.cpp(1081,32): warning C4305: '인수': 'double'에서 'GLfloat'(으)로 잘립니다.
C:\Users\youjae\source\repos\ComputerGraphics\ComputerGraphics\assignment4.cpp(1086,33): warning C4305: '인수': 'double'에서 'GLfloat'(으)로 잘립니다.
C:\Users\youjae\source\repos\ComputerGraphics\ComputerGraphics\assignment4.cpp(1092,32): warning C4305: '인수': 'double'에서 'GLfloat'(으)로 잘립니다.
C:\Users\youjae\source\repos\ComputerGraphics\ComputerGraphics\assignment4.cpp(1093,27): warning C4305: '인수': 'double'에서 'GLfloat'(으)로 잘립니다.
C:\Users\youjae\source\repos\ComputerGraphics\ComputerGraphics\assignment4.cpp(1098,32): warning C4305: '인수': 'double'에서 'GLfloat'(으)로 잘립니다.
C:\Users\youjae\source\repos\ComputerGraphics\ComputerGraphics\assignment4.cpp(1105,33): warning C4305: '인수': 'double'에서 'GLfloat'(으)로 잘립니다.
C:\Users\youjae\source\repos\ComputerGraphics\ComputerGraphics\assignment4.cpp(1110,32): warning C4305: '인수': 'double'에서 'GLfloat'(으)로 잘립니다.
C:\Users\youjae\source\repos\ComputerGraphics\ComputerGraphics\assignment4.cpp(1111,30): warning C4305: '인수': 'double'에서 'GLfloat'(으)로 잘립니다.
C:\Users\youjae\source\repos\ComputerGraphics\ComputerGraphics\assignment4.cpp(1116,31): warning C4305: '인수': 'double'에서 'GLfloat'(으)로 잘립니다.
C:\Users\youjae\source\repos\ComputerGraphics\ComputerGraphics\assignment4.cpp(1117,27): warning C4305: '인수': 'double'에서 'GLfloat'(으)로 잘립니다.
C:\Users\youjae\source\repos\ComputerGraphics\ComputerGraphics\assignment4.cpp(1139,27): warning C4244: '인수': 'double'에서 'GLfloat'(으)로 변환하면서 데이터가 손실될 수 있습니다.
C:\Users\youjae\source\repos\ComputerGraphics\ComputerGraphics\assignment4.cpp(1139,18): warning C4244: '인수': 'double'에서 'GLfloat'(으)로 변환하면서 데이터가 손실될 수 있습니다.
C:\Users\youjae\source\repos\ComputerGraphics\ComputerGraphics\assignment4.cpp(1140,15): warning C4244: '인수': 'double'에서 'GLfloat'(으)로 변환하면서 데이터가 손실될 수 있습니다.
C:\Users\youjae\source\repos\ComputerGraphics\ComputerGraphics\assignment4.cpp(1141,28): warning C4244: '인수': 'double'에서 'GLfloat'(으)로 변환하면서 데이터가 손실될 수 있습니다.
C:\Users\youjae\source\repos\ComputerGraphics\ComputerGraphics\assignment4.cpp(1141,18): warning C4244: '인수': 'double'에서 'GLfloat'(으)로 변환하면서 데이터가 손실될 수 있습니다.
C:\Users\youjae\source\repos\ComputerGraphics\ComputerGraphics\assignment4.cpp(1216,31): warning C4805: '==': 연산에 'GLboolean' 형식과 'bool' 형식을 함께 사용하는 것은 안전하지 않습니다.
C:\Users\youjae\source\repos\ComputerGraphics\ComputerGraphics\assignment4.cpp(1230,31): warning C4805: '==': 연산에 'GLboolean' 형식과 'bool' 형식을 함께 사용하는 것은 안전하지 않습니다.
C:\Users\youjae\source\repos\ComputerGraphics\ComputerGraphics\assignment4.cpp(1237,26): warning C4805: '==': 연산에 'GLboolean' 형식과 'bool' 형식을 함께 사용하는 것은 안전하지 않습니다.
C:\Users\youjae\source\repos\ComputerGraphics\ComputerGraphics\assignment4.cpp(1237,47): warning C4805: '==': 연산에 'GLboolean' 형식과 'bool' 형식을 함께 사용하는 것은 안전하지 않습니다.
C:\Users\youjae\source\repos\ComputerGraphics\ComputerGraphics\assignment4.cpp(1662,38): warning C4244: '인수': 'double'에서 'int'(으)로 변환하면서 데이터가 손실될 수 있습니다.
C:\Users\youjae\source\repos\ComputerGraphics\ComputerGraphics\assignment4.cpp(1662,24): warning C4244: '인수': 'double'에서 'int'(으)로 변환하면서 데이터가 손실될 수 있습니다.
  ComputerGraphics.vcxproj -> C:\Users\youjae\source\repos\ComputerGraphics\x64\Debug\ComputerGraphics.exe
